<?xml version="1.0" encoding="UTF-8"?>
<testng-results ignored="0" total="1" passed="1" failed="0" skipped="0">
  <reporter-output>
  </reporter-output>
  <suite started-at="2024-05-31T14:47:36 IST" name="Default suite" finished-at="2024-05-31T14:48:18 IST" duration-ms="41430">
    <groups>
      <group name="regressionTest">
        <method signature="Verifyreport.verifyreportinbetweendate()[pri:0, instance:healthcare.HMS.admin.Verifyreport@131ef10]" name="verifyreportinbetweendate" class="healthcare.HMS.admin.Verifyreport"/>
      </group> <!-- regressionTest -->
    </groups>
    <test started-at="2024-05-31T14:47:36 IST" name="Default test" finished-at="2024-05-31T14:48:18 IST" duration-ms="41430">
      <class name="healthcare.HMS.admin.Verifyreport">
        <test-method is-config="true" signature="configBS()[pri:0, instance:healthcare.HMS.admin.Verifyreport@131ef10]" started-at="2024-05-31T14:47:36 IST" name="configBS" finished-at="2024-05-31T14:47:36 IST" duration-ms="57" status="PASS">
          <reporter-output>
          </reporter-output>
        </test-method> <!-- configBS -->
        <test-method is-config="true" signature="configBC()[pri:0, instance:healthcare.HMS.admin.Verifyreport@131ef10]" started-at="2024-05-31T14:47:36 IST" name="configBC" finished-at="2024-05-31T14:47:58 IST" duration-ms="21734" status="PASS">
          <reporter-output>
          </reporter-output>
        </test-method> <!-- configBC -->
        <test-method is-config="true" signature="configBM()[pri:0, instance:healthcare.HMS.admin.Verifyreport@131ef10]" started-at="2024-05-31T14:47:58 IST" name="configBM" finished-at="2024-05-31T14:48:01 IST" duration-ms="2943" status="PASS">
          <reporter-output>
          </reporter-output>
        </test-method> <!-- configBM -->
        <test-method signature="verifyreportinbetweendate()[pri:0, instance:healthcare.HMS.admin.Verifyreport@131ef10]" started-at="2024-05-31T14:48:01 IST" name="verifyreportinbetweendate" finished-at="2024-05-31T14:48:17 IST" duration-ms="15450" status="PASS">
          <reporter-output>
          </reporter-output>
        </test-method> <!-- verifyreportinbetweendate -->
        <test-method is-config="true" signature="configAM()[pri:0, instance:healthcare.HMS.admin.Verifyreport@131ef10]" started-at="2024-05-31T14:48:17 IST" name="configAM" finished-at="2024-05-31T14:48:17 IST" duration-ms="0" status="PASS">
          <reporter-output>
          </reporter-output>
        </test-method> <!-- configAM -->
        <test-method is-config="true" signature="configAC()[pri:0, instance:healthcare.HMS.admin.Verifyreport@131ef10]" started-at="2024-05-31T14:48:17 IST" name="configAC" finished-at="2024-05-31T14:48:18 IST" duration-ms="1120" status="PASS">
          <reporter-output>
          </reporter-output>
        </test-method> <!-- configAC -->
        <test-method is-config="true" signature="configAS()[pri:0, instance:healthcare.HMS.admin.Verifyreport@131ef10]" started-at="2024-05-31T14:48:18 IST" name="configAS" finished-at="2024-05-31T14:48:18 IST" duration-ms="0" status="PASS">
          <reporter-output>
          </reporter-output>
        </test-method> <!-- configAS -->
      </class> <!-- healthcare.HMS.admin.Verifyreport -->
    </test> <!-- Default test -->
  </suite> <!-- Default suite -->
</testng-results>
